<?xml version="1.0" encoding="UTF-8"?>
<!-- Generated by org.testng.reporters.JUnitXMLReporter -->
<testsuite ignored="0" hostname="DESKTOP-0IGRKOF" failures="0" tests="3" name="Test" time="91.733" errors="0" timestamp="2022-03-02T18:22:09 PKT">
  <testcase classname="web_ui.OrderPopularMedicine" name="OrderMedicineProcess" time="9.631"/>
  <testcase classname="web_ui.OrderMedicinceByCategory" name="OrderMedicineFrom_AcidReflux" time="22.237"/>
  <testcase classname="web_ui.OrderPaymentByCard" name="OrderPaymentByCardProcess" time="33.421"/>
</testsuite> <!-- Test -->
