<?xml version="1.0" encoding="UTF-8"?>
<testng-results ignored="0" total="1" passed="1" failed="0" skipped="0">
  <reporter-output>
    <line>
      <![CDATA[The data"3351291126"Entered]]>
    </line>
    <line>
      <![CDATA[The data"Azam1234567"Entered]]>
    </line>
  </reporter-output>
  <suite started-at="2022-02-09T16:26:22 PKT" name="Default suite" finished-at="2022-02-09T16:26:32 PKT" duration-ms="10121">
    <groups>
    </groups>
    <test started-at="2022-02-09T16:26:22 PKT" name="Default test" finished-at="2022-02-09T16:26:32 PKT" duration-ms="10121">
      <class name="web_ui.LoginTest">
        <test-method is-config="true" signature="webdriverselection()[pri:0, instance:web_ui.LoginTest@156b88f5]" started-at="2022-02-09T16:26:22 PKT" name="webdriverselection" finished-at="2022-02-09T16:26:24 PKT" duration-ms="1916" status="PASS">
          <reporter-output>
          </reporter-output>
        </test-method> <!-- webdriverselection -->
        <test-method signature="login()[pri:0, instance:web_ui.LoginTest@156b88f5]" started-at="2022-02-09T16:26:24 PKT" name="login" finished-at="2022-02-09T16:26:32 PKT" duration-ms="8172" status="PASS">
          <reporter-output>
            <line>
              <![CDATA[The data"3351291126"Entered]]>
            </line>
            <line>
              <![CDATA[The data"Azam1234567"Entered]]>
            </line>
          </reporter-output>
        </test-method> <!-- login -->
      </class> <!-- web_ui.LoginTest -->
    </test> <!-- Default test -->
  </suite> <!-- Default suite -->
</testng-results>
